<?xml version="1.0" encoding="UTF-8"?>
<!-- Generated by org.testng.reporters.JUnitReportReporter -->
<testsuite hostname="Srisri" failures="0" tests="1" name="com.cracdeal.qa.testcases.HomePage" time="20.767" errors="0" timestamp="2024-04-04T13:07:20 GMT-05:00" skipped="0">
  <testcase classname="com.cracdeal.qa.testcases.HomePage" name="validate_Availability_of_FavouriteStores" time="20.767"/>
</testsuite> <!-- com.cracdeal.qa.testcases.HomePage -->
