<?xml version="1.0" encoding="UTF-8"?>
<!-- Generated by org.testng.reporters.JUnitReportReporter -->
<testsuite hostname="Srisri" failures="0" tests="1" name="com.cracdeal.qa.testcases.Dummy" time="0.117" errors="0" timestamp="2024-04-09T12:26:37 GMT-05:00" skipped="0">
  <testcase classname="com.cracdeal.qa.testcases.Dummy" name="isDesktopSupported" time="0.117"/>
</testsuite> <!-- com.cracdeal.qa.testcases.Dummy -->
