<?xml version="1.0" encoding="UTF-8"?>
<!-- Generated by org.testng.reporters.JUnitReportReporter -->
<testsuite hostname="Srisri" failures="0" tests="2" name="com.cracdeal.qa.testcases.AboutUsPageTests" time="24.007" errors="0" timestamp="2024-04-09T12:35:48 GMT-05:00" skipped="0">
  <testcase classname="com.cracdeal.qa.testcases.AboutUsPageTests" name="validate_AboutUs_Content" time="11.929"/>
  <testcase classname="com.cracdeal.qa.testcases.AboutUsPageTests" name="validate_Adding_Comment" time="12.078"/>
</testsuite> <!-- com.cracdeal.qa.testcases.AboutUsPageTests -->
