<?xml version="1.0" encoding="UTF-8"?>
<!-- Generated by org.testng.reporters.JUnitReportReporter -->
<testsuite hostname="Srisri" failures="0" tests="2" name="com.cracdeal.qa.testcases.ContactUsPageTests" time="28.446" errors="0" timestamp="2024-04-09T12:35:48 GMT-05:00" skipped="0">
  <testcase classname="com.cracdeal.qa.testcases.ContactUsPageTests" name="validate_ContactUs_Content" time="10.753"/>
  <testcase classname="com.cracdeal.qa.testcases.ContactUsPageTests" name="validate_Submit_Contact_Form" time="17.693"/>
</testsuite> <!-- com.cracdeal.qa.testcases.ContactUsPageTests -->
