<?xml version="1.0" encoding="UTF-8"?>
<!-- Generated by org.testng.reporters.JUnitReportReporter -->
<testsuite hostname="Srisri" failures="0" tests="8" name="com.cracdeal.qa.testcases.HomePageTests" time="53.869" errors="0" timestamp="2024-04-09T12:35:48 GMT-05:00" skipped="0">
  <testcase classname="com.cracdeal.qa.testcases.HomePageTests" name="validate_Title" time="6.927"/>
  <testcase classname="com.cracdeal.qa.testcases.HomePageTests" name="validate_Url" time="7.152"/>
  <testcase classname="com.cracdeal.qa.testcases.HomePageTests" name="validate_PageSource_Is_NotEmpty" time="7.074"/>
  <testcase classname="com.cracdeal.qa.testcases.HomePageTests" name="validate_Menus_In_PrimaryHeader" time="7.609"/>
  <testcase classname="com.cracdeal.qa.testcases.HomePageTests" name="validate_Menus_In_SecondaryHeader" time="6.982"/>
  <testcase classname="com.cracdeal.qa.testcases.HomePageTests" name="validate_Presence_Of_Live_Search" time="5.691"/>
  <testcase classname="com.cracdeal.qa.testcases.HomePageTests" name="validate_Different_Sections_of_HomePage" time="5.572"/>
  <testcase classname="com.cracdeal.qa.testcases.HomePageTests" name="validate_Availability_of_FavouriteStores" time="6.862"/>
</testsuite> <!-- com.cracdeal.qa.testcases.HomePageTests -->
