<?xml version="1.0" encoding="UTF-8"?>
<!-- Generated by org.testng.reporters.JUnitReportReporter -->
<testsuite hostname="Srisri" failures="0" tests="2" name="com.cracdeal.qa.testcases.AboutUsPageTests" time="22.133" errors="0" timestamp="2024-04-11T11:28:18 GMT-05:00" skipped="0">
  <testcase classname="com.cracdeal.qa.testcases.AboutUsPageTests" name="validate_AboutUs_Content" time="10.255"/>
  <testcase classname="com.cracdeal.qa.testcases.AboutUsPageTests" name="validate_Adding_Comment" time="11.878"/>
</testsuite> <!-- com.cracdeal.qa.testcases.AboutUsPageTests -->
