<?xml version="1.0" encoding="UTF-8"?>
<!-- Generated by org.testng.reporters.JUnitReportReporter -->
<testsuite hostname="Srisri" failures="0" tests="2" name="com.cracdeal.qa.testcases.ContactUsPageTests" time="29.096" errors="0" timestamp="2024-04-11T11:28:18 GMT-05:00" skipped="0">
  <testcase classname="com.cracdeal.qa.testcases.ContactUsPageTests" name="validate_ContactUs_Content" time="11.750"/>
  <testcase classname="com.cracdeal.qa.testcases.ContactUsPageTests" name="validate_Submit_Contact_Form" time="17.346"/>
</testsuite> <!-- com.cracdeal.qa.testcases.ContactUsPageTests -->
