<?xml version="1.0" encoding="UTF-8"?>
<!-- Generated by org.testng.reporters.JUnitReportReporter -->
<testsuite hostname="Srisri" failures="0" tests="8" name="com.cracdeal.qa.testcases.HomePageTests" time="53.859" errors="0" timestamp="2024-04-11T11:28:18 GMT-05:00" skipped="0">
  <testcase classname="com.cracdeal.qa.testcases.HomePageTests" name="validate_Title" time="6.784"/>
  <testcase classname="com.cracdeal.qa.testcases.HomePageTests" name="validate_Url" time="6.764"/>
  <testcase classname="com.cracdeal.qa.testcases.HomePageTests" name="validate_PageSource_Is_NotEmpty" time="5.547"/>
  <testcase classname="com.cracdeal.qa.testcases.HomePageTests" name="validate_Menus_In_PrimaryHeader" time="6.836"/>
  <testcase classname="com.cracdeal.qa.testcases.HomePageTests" name="validate_Menus_In_SecondaryHeader" time="5.517"/>
  <testcase classname="com.cracdeal.qa.testcases.HomePageTests" name="validate_Presence_Of_Live_Search" time="7.123"/>
  <testcase classname="com.cracdeal.qa.testcases.HomePageTests" name="validate_Different_Sections_of_HomePage" time="8.359"/>
  <testcase classname="com.cracdeal.qa.testcases.HomePageTests" name="validate_Availability_of_FavouriteStores" time="6.929"/>
</testsuite> <!-- com.cracdeal.qa.testcases.HomePageTests -->
